<?xml version="1.0" encoding="UTF-8"?>
<testng-results skipped="0" failed="1" ignored="0" total="3" passed="2">
  <reporter-output>
  </reporter-output>
  <suite name="Suite" duration-ms="36670" started-at="2021-08-16T12:51:35 IST" finished-at="2021-08-16T12:52:12 IST">
    <groups>
    </groups>
    <test name="Login Test" duration-ms="19985" started-at="2021-08-16T12:51:35 IST" finished-at="2021-08-16T12:51:55 IST">
      <class name="qaclickacademy.e2e.LoginTest">
        <test-method status="PASS" signature="initializeObjects()[pri:0, instance:qaclickacademy.e2e.LoginTest@7a5ceedd]" name="initializeObjects" is-config="true" duration-ms="8665" started-at="2021-08-16T12:51:35 IST" finished-at="2021-08-16T12:51:44 IST">
          <reporter-output>
          </reporter-output>
        </test-method> <!-- initializeObjects -->
        <test-method status="PASS" signature="homePageNavigation(java.lang.String,java.lang.String)[pri:0, instance:qaclickacademy.e2e.LoginTest@7a5ceedd]" name="homePageNavigation" duration-ms="7208" started-at="2021-08-16T12:51:44 IST" data-provider="getLoginData" finished-at="2021-08-16T12:51:51 IST">
          <params>
            <param index="0">
              <value>
                <![CDATA[login@mail.com]]>
              </value>
            </param>
            <param index="1">
              <value>
                <![CDATA[Welcome@321]]>
              </value>
            </param>
          </params>
          <reporter-output>
          </reporter-output>
        </test-method> <!-- homePageNavigation -->
        <test-method status="PASS" signature="homePageNavigation(java.lang.String,java.lang.String)[pri:0, instance:qaclickacademy.e2e.LoginTest@7a5ceedd]" name="homePageNavigation" duration-ms="2568" started-at="2021-08-16T12:51:51 IST" data-provider="getLoginData" finished-at="2021-08-16T12:51:54 IST">
          <params>
            <param index="0">
              <value>
                <![CDATA[singin@mail.com]]>
              </value>
            </param>
            <param index="1">
              <value>
                <![CDATA[Welcome@456]]>
              </value>
            </param>
          </params>
          <reporter-output>
          </reporter-output>
        </test-method> <!-- homePageNavigation -->
        <test-method status="PASS" signature="tearDown()[pri:0, instance:qaclickacademy.e2e.LoginTest@7a5ceedd]" name="tearDown" is-config="true" duration-ms="1470" started-at="2021-08-16T12:51:54 IST" finished-at="2021-08-16T12:51:55 IST">
          <reporter-output>
          </reporter-output>
        </test-method> <!-- tearDown -->
      </class> <!-- qaclickacademy.e2e.LoginTest -->
    </test> <!-- Login Test -->
    <test name="Validate Title Test" duration-ms="16059" started-at="2021-08-16T12:51:56 IST" finished-at="2021-08-16T12:52:12 IST">
      <class name="qaclickacademy.e2e.ValidateTitleTest">
        <test-method status="PASS" signature="initializeObjects()[pri:0, instance:qaclickacademy.e2e.ValidateTitleTest@6a8658ff]" name="initializeObjects" is-config="true" duration-ms="5952" started-at="2021-08-16T12:51:56 IST" finished-at="2021-08-16T12:52:02 IST">
          <reporter-output>
          </reporter-output>
        </test-method> <!-- initializeObjects -->
        <test-method status="FAIL" signature="validateHeading()[pri:0, instance:qaclickacademy.e2e.ValidateTitleTest@6a8658ff]" name="validateHeading" duration-ms="6636" started-at="2021-08-16T12:52:02 IST" finished-at="2021-08-16T12:52:08 IST">
          <exception class="java.lang.AssertionError">
            <message>
              <![CDATA[expected [FEATURED COURSS] but found [FEATURED COURSES]]]>
            </message>
            <full-stacktrace>
              <![CDATA[java.lang.AssertionError: expected [FEATURED COURSS] but found [FEATURED COURSES]
at org.testng.Assert.fail(Assert.java:99)
at org.testng.Assert.failNotEquals(Assert.java:1037)
at org.testng.Assert.assertEqualsImpl(Assert.java:140)
at org.testng.Assert.assertEquals(Assert.java:122)
at org.testng.Assert.assertEquals(Assert.java:629)
at org.testng.Assert.assertEquals(Assert.java:639)
at qaclickacademy.e2e.ValidateTitleTest.validateHeading(ValidateTitleTest.java:34)
at sun.reflect.NativeMethodAccessorImpl.invoke0(Native Method)
at sun.reflect.NativeMethodAccessorImpl.invoke(NativeMethodAccessorImpl.java:62)
at sun.reflect.DelegatingMethodAccessorImpl.invoke(DelegatingMethodAccessorImpl.java:43)
at java.lang.reflect.Method.invoke(Method.java:498)
at org.testng.internal.MethodInvocationHelper.invokeMethod(MethodInvocationHelper.java:133)
at org.testng.internal.TestInvoker.invokeMethod(TestInvoker.java:598)
at org.testng.internal.TestInvoker.invokeTestMethod(TestInvoker.java:173)
at org.testng.internal.MethodRunner.runInSequence(MethodRunner.java:46)
at org.testng.internal.TestInvoker$MethodInvocationAgent.invoke(TestInvoker.java:824)
at org.testng.internal.TestInvoker.invokeTestMethods(TestInvoker.java:146)
at org.testng.internal.TestMethodWorker.invokeTestMethods(TestMethodWorker.java:146)
at org.testng.internal.TestMethodWorker.run(TestMethodWorker.java:128)
at java.util.ArrayList.forEach(ArrayList.java:1259)
at org.testng.TestRunner.privateRun(TestRunner.java:794)
at org.testng.TestRunner.run(TestRunner.java:596)
at org.testng.SuiteRunner.runTest(SuiteRunner.java:377)
at org.testng.SuiteRunner.runSequentially(SuiteRunner.java:371)
at org.testng.SuiteRunner.privateRun(SuiteRunner.java:332)
at org.testng.SuiteRunner.run(SuiteRunner.java:276)
at org.testng.SuiteRunnerWorker.runSuite(SuiteRunnerWorker.java:53)
at org.testng.SuiteRunnerWorker.run(SuiteRunnerWorker.java:96)
at org.testng.TestNG.runSuitesSequentially(TestNG.java:1212)
at org.testng.TestNG.runSuitesLocally(TestNG.java:1134)
at org.testng.TestNG.runSuites(TestNG.java:1063)
at org.testng.TestNG.run(TestNG.java:1031)
at org.apache.maven.surefire.testng.TestNGExecutor.run(TestNGExecutor.java:284)
at org.apache.maven.surefire.testng.TestNGXmlTestSuite.execute(TestNGXmlTestSuite.java:75)
at org.apache.maven.surefire.testng.TestNGProvider.invoke(TestNGProvider.java:119)
at org.apache.maven.surefire.booter.ForkedBooter.runSuitesInProcess(ForkedBooter.java:428)
at org.apache.maven.surefire.booter.ForkedBooter.execute(ForkedBooter.java:162)
at org.apache.maven.surefire.booter.ForkedBooter.run(ForkedBooter.java:562)
at org.apache.maven.surefire.booter.ForkedBooter.main(ForkedBooter.java:548)
]]>
            </full-stacktrace>
          </exception> <!-- java.lang.AssertionError -->
          <reporter-output>
          </reporter-output>
        </test-method> <!-- validateHeading -->
        <test-method status="PASS" signature="tearDown()[pri:0, instance:qaclickacademy.e2e.ValidateTitleTest@6a8658ff]" name="tearDown" is-config="true" duration-ms="1623" started-at="2021-08-16T12:52:10 IST" finished-at="2021-08-16T12:52:12 IST">
          <reporter-output>
          </reporter-output>
        </test-method> <!-- tearDown -->
      </class> <!-- qaclickacademy.e2e.ValidateTitleTest -->
    </test> <!-- Validate Title Test -->
  </suite> <!-- Suite -->
</testng-results>
