<?xml version="1.0" encoding="UTF-8"?>
<testng-results skipped="0" failed="1" ignored="0" total="3" passed="2">
  <reporter-output>
  </reporter-output>
  <suite name="Suite" duration-ms="19057" started-at="2021-08-16T00:18:24 IST" finished-at="2021-08-16T00:18:43 IST">
    <groups>
    </groups>
    <test name="Login Test" duration-ms="11600" started-at="2021-08-16T00:18:24 IST" finished-at="2021-08-16T00:18:36 IST">
      <class name="qaclickacademy.e2e.LoginTest">
        <test-method status="PASS" signature="initializeObjects()[pri:0, instance:qaclickacademy.e2e.LoginTest@7d3e8655]" name="initializeObjects" is-config="true" duration-ms="3243" started-at="2021-08-16T00:18:24 IST" finished-at="2021-08-16T00:18:27 IST">
          <reporter-output>
          </reporter-output>
        </test-method> <!-- initializeObjects -->
        <test-method status="PASS" signature="homePageNavigation(java.lang.String,java.lang.String)[pri:0, instance:qaclickacademy.e2e.LoginTest@7d3e8655]" name="homePageNavigation" duration-ms="4699" started-at="2021-08-16T00:18:27 IST" data-provider="getLoginData" finished-at="2021-08-16T00:18:32 IST">
          <params>
            <param index="0">
              <value>
                <![CDATA[login@mail.com]]>
              </value>
            </param>
            <param index="1">
              <value>
                <![CDATA[Welcome@321]]>
              </value>
            </param>
          </params>
          <reporter-output>
          </reporter-output>
        </test-method> <!-- homePageNavigation -->
        <test-method status="PASS" signature="homePageNavigation(java.lang.String,java.lang.String)[pri:0, instance:qaclickacademy.e2e.LoginTest@7d3e8655]" name="homePageNavigation" duration-ms="2749" started-at="2021-08-16T00:18:32 IST" data-provider="getLoginData" finished-at="2021-08-16T00:18:35 IST">
          <params>
            <param index="0">
              <value>
                <![CDATA[singin@mail.com]]>
              </value>
            </param>
            <param index="1">
              <value>
                <![CDATA[Welcome@456]]>
              </value>
            </param>
          </params>
          <reporter-output>
          </reporter-output>
        </test-method> <!-- homePageNavigation -->
        <test-method status="PASS" signature="tearDown()[pri:0, instance:qaclickacademy.e2e.LoginTest@7d3e8655]" name="tearDown" is-config="true" duration-ms="810" started-at="2021-08-16T00:18:35 IST" finished-at="2021-08-16T00:18:36 IST">
          <reporter-output>
          </reporter-output>
        </test-method> <!-- tearDown -->
      </class> <!-- qaclickacademy.e2e.LoginTest -->
    </test> <!-- Login Test -->
    <test name="Validate Title Test" duration-ms="6886" started-at="2021-08-16T00:18:36 IST" finished-at="2021-08-16T00:18:43 IST">
      <class name="qaclickacademy.e2e.ValidateTitleTest">
        <test-method status="PASS" signature="initializeObjects()[pri:0, instance:qaclickacademy.e2e.ValidateTitleTest@49b2a47d]" name="initializeObjects" is-config="true" duration-ms="1690" started-at="2021-08-16T00:18:36 IST" finished-at="2021-08-16T00:18:38 IST">
          <reporter-output>
          </reporter-output>
        </test-method> <!-- initializeObjects -->
        <test-method status="FAIL" signature="validateHeading()[pri:0, instance:qaclickacademy.e2e.ValidateTitleTest@49b2a47d]" name="validateHeading" duration-ms="3486" started-at="2021-08-16T00:18:38 IST" finished-at="2021-08-16T00:18:41 IST">
          <exception class="java.lang.AssertionError">
            <message>
              <![CDATA[expected [FEATURED COURSS] but found [FEATURED COURSES]]]>
            </message>
            <full-stacktrace>
              <![CDATA[java.lang.AssertionError: expected [FEATURED COURSS] but found [FEATURED COURSES]
at org.testng.Assert.fail(Assert.java:99)
at org.testng.Assert.failNotEquals(Assert.java:1037)
at org.testng.Assert.assertEqualsImpl(Assert.java:140)
at org.testng.Assert.assertEquals(Assert.java:122)
at org.testng.Assert.assertEquals(Assert.java:629)
at org.testng.Assert.assertEquals(Assert.java:639)
at qaclickacademy.e2e.ValidateTitleTest.validateHeading(ValidateTitleTest.java:34)
at sun.reflect.NativeMethodAccessorImpl.invoke0(Native Method)
at sun.reflect.NativeMethodAccessorImpl.invoke(NativeMethodAccessorImpl.java:62)
at sun.reflect.DelegatingMethodAccessorImpl.invoke(DelegatingMethodAccessorImpl.java:43)
at java.lang.reflect.Method.invoke(Method.java:498)
at org.testng.internal.MethodInvocationHelper.invokeMethod(MethodInvocationHelper.java:133)
at org.testng.internal.TestInvoker.invokeMethod(TestInvoker.java:598)
at org.testng.internal.TestInvoker.invokeTestMethod(TestInvoker.java:173)
at org.testng.internal.MethodRunner.runInSequence(MethodRunner.java:46)
at org.testng.internal.TestInvoker$MethodInvocationAgent.invoke(TestInvoker.java:824)
at org.testng.internal.TestInvoker.invokeTestMethods(TestInvoker.java:146)
at org.testng.internal.TestMethodWorker.invokeTestMethods(TestMethodWorker.java:146)
at org.testng.internal.TestMethodWorker.run(TestMethodWorker.java:128)
at java.util.ArrayList.forEach(ArrayList.java:1259)
at org.testng.TestRunner.privateRun(TestRunner.java:794)
at org.testng.TestRunner.run(TestRunner.java:596)
at org.testng.SuiteRunner.runTest(SuiteRunner.java:377)
at org.testng.SuiteRunner.runSequentially(SuiteRunner.java:371)
at org.testng.SuiteRunner.privateRun(SuiteRunner.java:332)
at org.testng.SuiteRunner.run(SuiteRunner.java:276)
at org.testng.SuiteRunnerWorker.runSuite(SuiteRunnerWorker.java:53)
at org.testng.SuiteRunnerWorker.run(SuiteRunnerWorker.java:96)
at org.testng.TestNG.runSuitesSequentially(TestNG.java:1212)
at org.testng.TestNG.runSuitesLocally(TestNG.java:1134)
at org.testng.TestNG.runSuites(TestNG.java:1063)
at org.testng.TestNG.run(TestNG.java:1031)
at org.testng.remote.AbstractRemoteTestNG.run(AbstractRemoteTestNG.java:115)
at org.testng.remote.RemoteTestNG.initAndRun(RemoteTestNG.java:251)
at org.testng.remote.RemoteTestNG.main(RemoteTestNG.java:77)
]]>
            </full-stacktrace>
          </exception> <!-- java.lang.AssertionError -->
          <reporter-output>
          </reporter-output>
        </test-method> <!-- validateHeading -->
        <test-method status="PASS" signature="tearDown()[pri:0, instance:qaclickacademy.e2e.ValidateTitleTest@49b2a47d]" name="tearDown" is-config="true" duration-ms="783" started-at="2021-08-16T00:18:42 IST" finished-at="2021-08-16T00:18:43 IST">
          <reporter-output>
          </reporter-output>
        </test-method> <!-- tearDown -->
      </class> <!-- qaclickacademy.e2e.ValidateTitleTest -->
    </test> <!-- Validate Title Test -->
  </suite> <!-- Suite -->
</testng-results>
